{"level":30,"time":1727780376068,"pid":220181,"hostname":"DARRYL-WORK-PC","msg":"Updating database"}
{"level":30,"time":1727780380407,"pid":220181,"hostname":"DARRYL-WORK-PC","deadGunIds":[],"msg":"Dead gun IDs"}
{"level":30,"time":1727780381697,"pid":220181,"hostname":"DARRYL-WORK-PC","msg":"428 products updated"}
{"level":30,"time":1727780381697,"pid":220181,"hostname":"DARRYL-WORK-PC","msg":"0 products deleted"}
{"level":30,"time":1727780381697,"pid":220181,"hostname":"DARRYL-WORK-PC","msg":"0 images uploaded"}
{"level":30,"time":1727780381697,"pid":220181,"hostname":"DARRYL-WORK-PC","msg":"0 images deleted"}
{"level":30,"time":1727780381697,"pid":220181,"hostname":"DARRYL-WORK-PC","msg":"Database updated"}
{"level":30,"time":1727780537425,"pid":221447,"hostname":"DARRYL-WORK-PC","msg":"Updating database"}
{"level":30,"time":1727780541524,"pid":221447,"hostname":"DARRYL-WORK-PC","deadGunIds":[],"msg":"Dead gun IDs"}
{"level":30,"time":1727780542783,"pid":221447,"hostname":"DARRYL-WORK-PC","msg":"428 products updated"}
{"level":30,"time":1727780542783,"pid":221447,"hostname":"DARRYL-WORK-PC","msg":"0 products deleted"}
{"level":30,"time":1727780542783,"pid":221447,"hostname":"DARRYL-WORK-PC","msg":"0 images uploaded"}
{"level":30,"time":1727780542783,"pid":221447,"hostname":"DARRYL-WORK-PC","msg":"0 images deleted"}
{"level":30,"time":1727780542783,"pid":221447,"hostname":"DARRYL-WORK-PC","msg":"Database updated"}
{"level":30,"time":1727780544654,"pid":221447,"hostname":"DARRYL-WORK-PC","msg":"Active handles keeping the process alive:"}
{"level":30,"time":1727780580793,"pid":221909,"hostname":"DARRYL-WORK-PC","msg":"Updating database"}
{"level":30,"time":1727780584972,"pid":221909,"hostname":"DARRYL-WORK-PC","deadGunIds":[],"msg":"Dead gun IDs"}
{"level":30,"time":1727780586221,"pid":221909,"hostname":"DARRYL-WORK-PC","msg":"428 products updated"}
{"level":30,"time":1727780586221,"pid":221909,"hostname":"DARRYL-WORK-PC","msg":"0 products deleted"}
{"level":30,"time":1727780586221,"pid":221909,"hostname":"DARRYL-WORK-PC","msg":"0 images uploaded"}
{"level":30,"time":1727780586221,"pid":221909,"hostname":"DARRYL-WORK-PC","msg":"0 images deleted"}
{"level":30,"time":1727780586221,"pid":221909,"hostname":"DARRYL-WORK-PC","msg":"Database updated"}
